<?xml version="1.0" encoding="UTF-8"?>
<!-- Generated by org.testng.reporters.JUnitReportReporter -->
<testsuite skipped="0" hostname="LAPTOP-KED48LAM" name="test.TESTActitime" tests="1" failures="0" timestamp="07 Sep 2020 09:56:22 GMT" time="43.397" errors="0">
  <testcase name="logrep" time="43.397" classname="test.TESTActitime"/>
</testsuite> <!-- test.TESTActitime -->
