<?xml version="1.0" encoding="UTF-8"?>
<!-- Generated by org.testng.reporters.JUnitReportReporter -->
<testsuite skipped="0" hostname="LAPTOP-KED48LAM" name="multipletestmethods.PriorityInvocationCount" tests="15" failures="0" timestamp="07 Sep 2020 15:17:21 GMT" time="0.295" errors="0">
  <testcase name="kirani" time="0.016" classname="multipletestmethods.PriorityInvocationCount"/>
  <testcase name="kirani" time="0.061" classname="multipletestmethods.PriorityInvocationCount"/>
  <testcase name="kirani" time="0.015" classname="multipletestmethods.PriorityInvocationCount"/>
  <testcase name="micah" time="0.031" classname="multipletestmethods.PriorityInvocationCount"/>
  <testcase name="micah" time="0.031" classname="multipletestmethods.PriorityInvocationCount"/>
  <testcase name="dad" time="0.016" classname="multipletestmethods.PriorityInvocationCount"/>
  <testcase name="micah" time="0.016" classname="multipletestmethods.PriorityInvocationCount"/>
  <testcase name="micah" time="0.031" classname="multipletestmethods.PriorityInvocationCount"/>
  <testcase name="micah" time="0.000" classname="multipletestmethods.PriorityInvocationCount"/>
  <testcase name="dad" time="0.015" classname="multipletestmethods.PriorityInvocationCount"/>
  <testcase name="gaby" time="0.031" classname="multipletestmethods.PriorityInvocationCount"/>
  <testcase name="gaby" time="0.000" classname="multipletestmethods.PriorityInvocationCount"/>
  <testcase name="gaby" time="0.016" classname="multipletestmethods.PriorityInvocationCount"/>
  <testcase name="gaby" time="0.000" classname="multipletestmethods.PriorityInvocationCount"/>
  <testcase name="mom" time="0.016" classname="multipletestmethods.PriorityInvocationCount"/>
</testsuite> <!-- multipletestmethods.PriorityInvocationCount -->
