<?xml version="1.0" encoding="UTF-8"?>
<!-- Generated by org.testng.reporters.JUnitReportReporter -->
<testsuite skipped="0" hostname="LAPTOP-KED48LAM" name="test.TESTGoogleAutoSuggestion" tests="1" failures="0" timestamp="07 Sep 2020 09:59:20 GMT" time="24.651" errors="0">
  <testcase name="autosugg" time="24.651" classname="test.TESTGoogleAutoSuggestion"/>
</testsuite> <!-- test.TESTGoogleAutoSuggestion -->
