<?xml version="1.0" encoding="UTF-8"?>
<!-- Generated by org.testng.reporters.JUnitReportReporter -->
<testsuite skipped="0" hostname="LAPTOP-KED48LAM" name="testGroup.TESTActitime" tests="1" failures="0" timestamp="07 Sep 2020 09:56:22 GMT" time="55.319" errors="0">
  <testcase name="logrep" time="55.319" classname="testGroup.TESTActitime"/>
</testsuite> <!-- testGroup.TESTActitime -->
