<?xml version="1.0" encoding="UTF-8"?>
<!-- Generated by org.testng.reporters.JUnitReportReporter -->
<testsuite skipped="0" hostname="LAPTOP-KED48LAM" name="multipletestmethods.MultipleTestMethods" tests="5" failures="0" timestamp="07 Sep 2020 15:05:11 GMT" time="0.124" errors="0">
  <testcase name="gaby" time="0.015" classname="multipletestmethods.MultipleTestMethods"/>
  <testcase name="mom" time="0.015" classname="multipletestmethods.MultipleTestMethods"/>
  <testcase name="kirani" time="0.000" classname="multipletestmethods.MultipleTestMethods"/>
  <testcase name="dad" time="0.063" classname="multipletestmethods.MultipleTestMethods"/>
  <testcase name="micah" time="0.031" classname="multipletestmethods.MultipleTestMethods"/>
</testsuite> <!-- multipletestmethods.MultipleTestMethods -->
