<?xml version="1.0" encoding="UTF-8"?>
<!-- Generated by org.testng.reporters.JUnitReportReporter -->
<testsuite skipped="0" hostname="LAPTOP-KED48LAM" name="test.TestActitimeCreateEditDeleteAss" tests="1" failures="0" timestamp="09 Sep 2020 10:15:10 GMT" time="42.473" errors="0">
  <testcase name="customer" time="42.473" classname="test.TestActitimeCreateEditDeleteAss"/>
</testsuite> <!-- test.TestActitimeCreateEditDeleteAss -->
