<?xml version="1.0" encoding="UTF-8"?>
<!-- Generated by org.testng.reporters.JUnitReportReporter -->
<testsuite skipped="0" hostname="LAPTOP-KED48LAM" name="testGroup.TESTGoogleAutoSuggestion" tests="1" failures="0" timestamp="07 Sep 2020 10:08:19 GMT" time="23.557" errors="0">
  <testcase name="autosugg" time="23.557" classname="testGroup.TESTGoogleAutoSuggestion"/>
</testsuite> <!-- testGroup.TESTGoogleAutoSuggestion -->
