<?xml version="1.0" encoding="UTF-8"?>
<!-- Generated by org.testng.reporters.JUnitReportReporter -->
<testsuite skipped="0" hostname="LAPTOP-KED48LAM" name="multipletestmethods.InvocationCount" tests="22" failures="0" timestamp="07 Sep 2020 15:13:45 GMT" time="0.353" errors="0">
  <testcase name="mom" time="0.015" classname="multipletestmethods.InvocationCount"/>
  <testcase name="mom" time="0.000" classname="multipletestmethods.InvocationCount"/>
  <testcase name="mom" time="0.015" classname="multipletestmethods.InvocationCount"/>
  <testcase name="kirani" time="0.015" classname="multipletestmethods.InvocationCount"/>
  <testcase name="micah" time="0.016" classname="multipletestmethods.InvocationCount"/>
  <testcase name="kirani" time="0.016" classname="multipletestmethods.InvocationCount"/>
  <testcase name="micah" time="0.000" classname="multipletestmethods.InvocationCount"/>
  <testcase name="dad" time="0.046" classname="multipletestmethods.InvocationCount"/>
  <testcase name="micah" time="0.000" classname="multipletestmethods.InvocationCount"/>
  <testcase name="dad" time="0.060" classname="multipletestmethods.InvocationCount"/>
  <testcase name="gaby" time="0.016" classname="multipletestmethods.InvocationCount"/>
  <testcase name="micah" time="0.015" classname="multipletestmethods.InvocationCount"/>
  <testcase name="kirani" time="0.015" classname="multipletestmethods.InvocationCount"/>
  <testcase name="dad" time="0.016" classname="multipletestmethods.InvocationCount"/>
  <testcase name="mom" time="0.000" classname="multipletestmethods.InvocationCount"/>
  <testcase name="kirani" time="0.031" classname="multipletestmethods.InvocationCount"/>
  <testcase name="mom" time="0.016" classname="multipletestmethods.InvocationCount"/>
  <testcase name="kirani" time="0.015" classname="multipletestmethods.InvocationCount"/>
  <testcase name="kirani" time="0.016" classname="multipletestmethods.InvocationCount"/>
  <testcase name="kirani" time="0.015" classname="multipletestmethods.InvocationCount"/>
  <testcase name="micah" time="0.015" classname="multipletestmethods.InvocationCount"/>
  <testcase name="mom" time="0.000" classname="multipletestmethods.InvocationCount"/>
</testsuite> <!-- multipletestmethods.InvocationCount -->
