<?xml version="1.0" encoding="UTF-8"?>
<!-- Generated by org.testng.reporters.JUnitReportReporter -->
<testsuite skipped="0" hostname="LAPTOP-KED48LAM" name="multipletestmethods.Priority" tests="5" failures="0" timestamp="07 Sep 2020 15:10:16 GMT" time="0.156" errors="0">
  <testcase name="kirani" time="0.060" classname="multipletestmethods.Priority"/>
  <testcase name="mom" time="0.032" classname="multipletestmethods.Priority"/>
  <testcase name="micah" time="0.032" classname="multipletestmethods.Priority"/>
  <testcase name="dad" time="0.016" classname="multipletestmethods.Priority"/>
  <testcase name="gaby" time="0.016" classname="multipletestmethods.Priority"/>
</testsuite> <!-- multipletestmethods.Priority -->
